<?xml version="1.0" encoding="UTF-8"?>
<testsuite xmlns:xsi="http://www.w3.org/2001/XMLSchema-instance" xsi:noNamespaceSchemaLocation="https://maven.apache.org/surefire/maven-surefire-plugin/xsd/surefire-test-report-3.0.xsd" version="3.0" name="com.company.api.UserAPITest" time="7.643" tests="7" errors="0" skipped="0" failures="0">
  <properties>
    <property name="gopherProxySet" value="false"/>
    <property name="awt.toolkit" value="sun.lwawt.macosx.LWCToolkit"/>
    <property name="file.encoding.pkg" value="sun.io"/>
    <property name="java.specification.version" value="1.8"/>
    <property name="sun.cpu.isalist" value=""/>
    <property name="sun.jnu.encoding" value="UTF-8"/>
    <property name="java.class.path" value="/Users/sempreit/Documents/projects/api-restassured-framework/target/test-classes:/Users/sempreit/Documents/projects/api-restassured-framework/target/classes:/Users/sempreit/.m2/repository/io/rest-assured/rest-assured/5.3.0/rest-assured-5.3.0.jar:/Users/sempreit/.m2/repository/org/apache/groovy/groovy/4.0.6/groovy-4.0.6.jar:/Users/sempreit/.m2/repository/org/apache/groovy/groovy-xml/4.0.6/groovy-xml-4.0.6.jar:/Users/sempreit/.m2/repository/org/apache/httpcomponents/httpclient/4.5.13/httpclient-4.5.13.jar:/Users/sempreit/.m2/repository/org/apache/httpcomponents/httpcore/4.4.13/httpcore-4.4.13.jar:/Users/sempreit/.m2/repository/commons-logging/commons-logging/1.2/commons-logging-1.2.jar:/Users/sempreit/.m2/repository/commons-codec/commons-codec/1.11/commons-codec-1.11.jar:/Users/sempreit/.m2/repository/org/apache/httpcomponents/httpmime/4.5.13/httpmime-4.5.13.jar:/Users/sempreit/.m2/repository/org/hamcrest/hamcrest/2.1/hamcrest-2.1.jar:/Users/sempreit/.m2/repository/org/ccil/cowan/tagsoup/tagsoup/1.2.1/tagsoup-1.2.1.jar:/Users/sempreit/.m2/repository/io/rest-assured/xml-path/5.3.0/xml-path-5.3.0.jar:/Users/sempreit/.m2/repository/org/apache/commons/commons-lang3/3.11/commons-lang3-3.11.jar:/Users/sempreit/.m2/repository/io/rest-assured/json-path/5.3.0/json-path-5.3.0.jar:/Users/sempreit/.m2/repository/org/apache/groovy/groovy-json/4.0.6/groovy-json-4.0.6.jar:/Users/sempreit/.m2/repository/io/rest-assured/rest-assured-common/5.3.0/rest-assured-common-5.3.0.jar:/Users/sempreit/.m2/repository/org/junit/jupiter/junit-jupiter/5.9.2/junit-jupiter-5.9.2.jar:/Users/sempreit/.m2/repository/org/junit/jupiter/junit-jupiter-api/5.9.2/junit-jupiter-api-5.9.2.jar:/Users/sempreit/.m2/repository/org/opentest4j/opentest4j/1.2.0/opentest4j-1.2.0.jar:/Users/sempreit/.m2/repository/org/junit/platform/junit-platform-commons/1.9.2/junit-platform-commons-1.9.2.jar:/Users/sempreit/.m2/repository/org/apiguardian/apiguardian-api/1.1.2/apiguardian-api-1.1.2.jar:/Users/sempreit/.m2/repository/org/junit/jupiter/junit-jupiter-params/5.9.2/junit-jupiter-params-5.9.2.jar:/Users/sempreit/.m2/repository/org/junit/jupiter/junit-jupiter-engine/5.9.2/junit-jupiter-engine-5.9.2.jar:/Users/sempreit/.m2/repository/org/junit/platform/junit-platform-engine/1.9.2/junit-platform-engine-1.9.2.jar:/Users/sempreit/.m2/repository/io/qameta/allure/allure-junit5/2.21.0/allure-junit5-2.21.0.jar:/Users/sempreit/.m2/repository/io/qameta/allure/allure-junit-platform/2.21.0/allure-junit-platform-2.21.0.jar:/Users/sempreit/.m2/repository/io/qameta/allure/allure-java-commons/2.21.0/allure-java-commons-2.21.0.jar:/Users/sempreit/.m2/repository/io/qameta/allure/allure-model/2.21.0/allure-model-2.21.0.jar:/Users/sempreit/.m2/repository/io/qameta/allure/allure-test-filter/2.21.0/allure-test-filter-2.21.0.jar:/Users/sempreit/.m2/repository/org/junit/platform/junit-platform-launcher/1.8.2/junit-platform-launcher-1.8.2.jar:/Users/sempreit/.m2/repository/com/fasterxml/jackson/core/jackson-databind/2.14.2/jackson-databind-2.14.2.jar:/Users/sempreit/.m2/repository/com/fasterxml/jackson/core/jackson-annotations/2.14.2/jackson-annotations-2.14.2.jar:/Users/sempreit/.m2/repository/com/fasterxml/jackson/core/jackson-core/2.14.2/jackson-core-2.14.2.jar:/Users/sempreit/.m2/repository/org/slf4j/slf4j-simple/2.0.6/slf4j-simple-2.0.6.jar:/Users/sempreit/.m2/repository/org/slf4j/slf4j-api/2.0.6/slf4j-api-2.0.6.jar:"/>
    <property name="java.vm.vendor" value="Oracle Corporation"/>
    <property name="sun.arch.data.model" value="64"/>
    <property name="java.vendor.url" value="http://java.oracle.com/"/>
    <property name="user.timezone" value="America/Sao_Paulo"/>
    <property name="java.vm.specification.version" value="1.8"/>
    <property name="os.name" value="Mac OS X"/>
    <property name="user.country" value="BR"/>
    <property name="sun.java.launcher" value="SUN_STANDARD"/>
    <property name="sun.boot.library.path" value="/Library/Java/JavaVirtualMachines/jdk-1.8.jdk/Contents/Home/jre/lib"/>
    <property name="sun.java.command" value="/Users/sempreit/Documents/projects/api-restassured-framework/target/surefire/surefirebooter-20250830212818580_3.jar /Users/sempreit/Documents/projects/api-restassured-framework/target/surefire 2025-08-30T21-28-18_385-jvmRun1 surefire-20250830212818580_1tmp surefire_0-20250830212818580_2tmp"/>
    <property name="http.nonProxyHosts" value="local|*.local|169.254/16|*.169.254/16"/>
    <property name="surefire.test.class.path" value="/Users/sempreit/Documents/projects/api-restassured-framework/target/test-classes:/Users/sempreit/Documents/projects/api-restassured-framework/target/classes:/Users/sempreit/.m2/repository/io/rest-assured/rest-assured/5.3.0/rest-assured-5.3.0.jar:/Users/sempreit/.m2/repository/org/apache/groovy/groovy/4.0.6/groovy-4.0.6.jar:/Users/sempreit/.m2/repository/org/apache/groovy/groovy-xml/4.0.6/groovy-xml-4.0.6.jar:/Users/sempreit/.m2/repository/org/apache/httpcomponents/httpclient/4.5.13/httpclient-4.5.13.jar:/Users/sempreit/.m2/repository/org/apache/httpcomponents/httpcore/4.4.13/httpcore-4.4.13.jar:/Users/sempreit/.m2/repository/commons-logging/commons-logging/1.2/commons-logging-1.2.jar:/Users/sempreit/.m2/repository/commons-codec/commons-codec/1.11/commons-codec-1.11.jar:/Users/sempreit/.m2/repository/org/apache/httpcomponents/httpmime/4.5.13/httpmime-4.5.13.jar:/Users/sempreit/.m2/repository/org/hamcrest/hamcrest/2.1/hamcrest-2.1.jar:/Users/sempreit/.m2/repository/org/ccil/cowan/tagsoup/tagsoup/1.2.1/tagsoup-1.2.1.jar:/Users/sempreit/.m2/repository/io/rest-assured/xml-path/5.3.0/xml-path-5.3.0.jar:/Users/sempreit/.m2/repository/org/apache/commons/commons-lang3/3.11/commons-lang3-3.11.jar:/Users/sempreit/.m2/repository/io/rest-assured/json-path/5.3.0/json-path-5.3.0.jar:/Users/sempreit/.m2/repository/org/apache/groovy/groovy-json/4.0.6/groovy-json-4.0.6.jar:/Users/sempreit/.m2/repository/io/rest-assured/rest-assured-common/5.3.0/rest-assured-common-5.3.0.jar:/Users/sempreit/.m2/repository/org/junit/jupiter/junit-jupiter/5.9.2/junit-jupiter-5.9.2.jar:/Users/sempreit/.m2/repository/org/junit/jupiter/junit-jupiter-api/5.9.2/junit-jupiter-api-5.9.2.jar:/Users/sempreit/.m2/repository/org/opentest4j/opentest4j/1.2.0/opentest4j-1.2.0.jar:/Users/sempreit/.m2/repository/org/junit/platform/junit-platform-commons/1.9.2/junit-platform-commons-1.9.2.jar:/Users/sempreit/.m2/repository/org/apiguardian/apiguardian-api/1.1.2/apiguardian-api-1.1.2.jar:/Users/sempreit/.m2/repository/org/junit/jupiter/junit-jupiter-params/5.9.2/junit-jupiter-params-5.9.2.jar:/Users/sempreit/.m2/repository/org/junit/jupiter/junit-jupiter-engine/5.9.2/junit-jupiter-engine-5.9.2.jar:/Users/sempreit/.m2/repository/org/junit/platform/junit-platform-engine/1.9.2/junit-platform-engine-1.9.2.jar:/Users/sempreit/.m2/repository/io/qameta/allure/allure-junit5/2.21.0/allure-junit5-2.21.0.jar:/Users/sempreit/.m2/repository/io/qameta/allure/allure-junit-platform/2.21.0/allure-junit-platform-2.21.0.jar:/Users/sempreit/.m2/repository/io/qameta/allure/allure-java-commons/2.21.0/allure-java-commons-2.21.0.jar:/Users/sempreit/.m2/repository/io/qameta/allure/allure-model/2.21.0/allure-model-2.21.0.jar:/Users/sempreit/.m2/repository/io/qameta/allure/allure-test-filter/2.21.0/allure-test-filter-2.21.0.jar:/Users/sempreit/.m2/repository/org/junit/platform/junit-platform-launcher/1.8.2/junit-platform-launcher-1.8.2.jar:/Users/sempreit/.m2/repository/com/fasterxml/jackson/core/jackson-databind/2.14.2/jackson-databind-2.14.2.jar:/Users/sempreit/.m2/repository/com/fasterxml/jackson/core/jackson-annotations/2.14.2/jackson-annotations-2.14.2.jar:/Users/sempreit/.m2/repository/com/fasterxml/jackson/core/jackson-core/2.14.2/jackson-core-2.14.2.jar:/Users/sempreit/.m2/repository/org/slf4j/slf4j-simple/2.0.6/slf4j-simple-2.0.6.jar:/Users/sempreit/.m2/repository/org/slf4j/slf4j-api/2.0.6/slf4j-api-2.0.6.jar:"/>
    <property name="sun.cpu.endian" value="little"/>
    <property name="user.home" value="/Users/sempreit"/>
    <property name="user.language" value="pt"/>
    <property name="java.specification.vendor" value="Oracle Corporation"/>
    <property name="java.home" value="/Library/Java/JavaVirtualMachines/jdk-1.8.jdk/Contents/Home/jre"/>
    <property name="basedir" value="/Users/sempreit/Documents/projects/api-restassured-framework"/>
    <property name="file.separator" value="/"/>
    <property name="line.separator" value="&#10;"/>
    <property name="java.vm.specification.vendor" value="Oracle Corporation"/>
    <property name="java.specification.name" value="Java Platform API Specification"/>
    <property name="java.awt.graphicsenv" value="sun.awt.CGraphicsEnvironment"/>
    <property name="surefire.real.class.path" value="/Users/sempreit/Documents/projects/api-restassured-framework/target/surefire/surefirebooter-20250830212818580_3.jar:/Users/sempreit/.m2/repository/org/aspectj/aspectjweaver/1.9.19/aspectjweaver-1.9.19.jar"/>
    <property name="sun.boot.class.path" value="/Library/Java/JavaVirtualMachines/jdk-1.8.jdk/Contents/Home/jre/lib/resources.jar:/Library/Java/JavaVirtualMachines/jdk-1.8.jdk/Contents/Home/jre/lib/rt.jar:/Library/Java/JavaVirtualMachines/jdk-1.8.jdk/Contents/Home/jre/lib/jsse.jar:/Library/Java/JavaVirtualMachines/jdk-1.8.jdk/Contents/Home/jre/lib/jce.jar:/Library/Java/JavaVirtualMachines/jdk-1.8.jdk/Contents/Home/jre/lib/charsets.jar:/Library/Java/JavaVirtualMachines/jdk-1.8.jdk/Contents/Home/jre/lib/jfr.jar:/Library/Java/JavaVirtualMachines/jdk-1.8.jdk/Contents/Home/jre/classes"/>
    <property name="sun.management.compiler" value="HotSpot 64-Bit Tiered Compilers"/>
    <property name="ftp.nonProxyHosts" value="local|*.local|169.254/16|*.169.254/16"/>
    <property name="java.runtime.version" value="1.8.0_391-b13"/>
    <property name="user.name" value="sempreit"/>
    <property name="path.separator" value=":"/>
    <property name="os.version" value="14.6.1"/>
    <property name="java.endorsed.dirs" value="/Library/Java/JavaVirtualMachines/jdk-1.8.jdk/Contents/Home/jre/lib/endorsed"/>
    <property name="java.runtime.name" value="Java(TM) SE Runtime Environment"/>
    <property name="file.encoding" value="UTF-8"/>
    <property name="java.vm.name" value="Java HotSpot(TM) 64-Bit Server VM"/>
    <property name="localRepository" value="/Users/sempreit/.m2/repository"/>
    <property name="java.vendor.url.bug" value="http://bugreport.sun.com/bugreport/"/>
    <property name="java.io.tmpdir" value="/var/folders/kr/8gs24z9n4g55_rss9688pqdh0000gn/T/"/>
    <property name="java.version" value="1.8.0_391"/>
    <property name="user.dir" value="/Users/sempreit/Documents/projects/api-restassured-framework"/>
    <property name="os.arch" value="aarch64"/>
    <property name="java.vm.specification.name" value="Java Virtual Machine Specification"/>
    <property name="java.awt.printerjob" value="sun.lwawt.macosx.CPrinterJob"/>
    <property name="sun.os.patch.level" value="unknown"/>
    <property name="java.library.path" value="/Users/sempreit/Library/Java/Extensions:/Library/Java/Extensions:/Network/Library/Java/Extensions:/System/Library/Java/Extensions:/usr/lib/java:."/>
    <property name="junit.jupiter.extensions.autodetection.enabled" value="true"/>
    <property name="java.vm.info" value="mixed mode"/>
    <property name="java.vendor" value="Oracle Corporation"/>
    <property name="java.vm.version" value="25.391-b13"/>
    <property name="java.specification.maintenance.version" value="5"/>
    <property name="java.ext.dirs" value="/Users/sempreit/Library/Java/Extensions:/Library/Java/JavaVirtualMachines/jdk-1.8.jdk/Contents/Home/jre/lib/ext:/Library/Java/Extensions:/Network/Library/Java/Extensions:/System/Library/Java/Extensions:/usr/lib/java"/>
    <property name="sun.io.unicode.encoding" value="UnicodeBig"/>
    <property name="java.class.version" value="52.0"/>
    <property name="socksNonProxyHosts" value="local|*.local|169.254/16|*.169.254/16"/>
  </properties>
  <testcase name="testCreateUserSuccess" classname="com.company.api.UserAPITest" time="2.6">
    <system-out><![CDATA[Request method:	POST
Request URI:	https://serverest.dev/login
Proxy:			<none>
Request params:	<none>
Query params:	<none>
Form params:	<none>
Path params:	<none>
Headers:		Accept=*/*
				Content-Type=application/json
Cookies:		<none>
Multiparts:		<none>
Body:
{
    "email": "fulano@qa.com",
    "password": "teste"
}
HTTP/1.1 200 OK
access-control-allow-origin: *
x-dns-prefetch-control: off
x-frame-options: SAMEORIGIN
strict-transport-security: max-age=15552000; includeSubDomains
x-download-options: noopen
x-content-type-options: nosniff
x-xss-protection: 1; mode=block
content-type: application/json; charset=utf-8
x-cloud-trace-context: ee30a9e940c9899713ff4a08f52a701b;o=1
date: Sun, 31 Aug 2025 00:28:20 GMT
server: Google Frontend
Content-Length: 265

{
    "message": "Login realizado com sucesso",
    "authorization": "Bearer eyJhbGciOiJIUzI1NiIsInR5cCI6IkpXVCJ9.eyJlbWFpbCI6ImZ1bGFub0BxYS5jb20iLCJwYXNzd29yZCI6InRlc3RlIiwiaWF0IjoxNzU2NjAwMTAwLCJleHAiOjE3NTY2MDA3MDB9.oSZruebNXq6fJb9cxeZc5rUaT-Q-pzEFV1H7EGs0-RM"
}
Request method:	POST
Request URI:	https://serverest.dev/usuarios
Proxy:			<none>
Request params:	<none>
Query params:	<none>
Form params:	<none>
Path params:	<none>
Headers:		Authorization=Bearer eyJhbGciOiJIUzI1NiIsInR5cCI6IkpXVCJ9.eyJlbWFpbCI6ImZ1bGFub0BxYS5jb20iLCJwYXNzd29yZCI6InRlc3RlIiwiaWF0IjoxNzU2NjAwMTAwLCJleHAiOjE3NTY2MDA3MDB9.oSZruebNXq6fJb9cxeZc5rUaT-Q-pzEFV1H7EGs0-RM
				Accept=*/*
				Content-Type=application/json
Cookies:		<none>
Multiparts:		<none>
Body:
{
    "nome": "Test User API",
    "email": "testuser.api@email.com",
    "password": "password123",
    "administrador": "true"
}
HTTP/1.1 201 Created
access-control-allow-origin: *
x-dns-prefetch-control: off
x-frame-options: SAMEORIGIN
strict-transport-security: max-age=15552000; includeSubDomains
x-download-options: noopen
x-content-type-options: nosniff
x-xss-protection: 1; mode=block
content-type: application/json; charset=utf-8
x-cloud-trace-context: c73eb3438799e8de03a403055797c848
date: Sun, 31 Aug 2025 00:28:22 GMT
server: Google Frontend
Content-Length: 82

{
    "message": "Cadastro realizado com sucesso",
    "_id": "WgprcDBPImE78Nzy"
}
]]></system-out>
    <system-err><![CDATA[ago 30, 2025 9:28:19 PM org.aspectj.weaver.tools.Jdk14Trace error
GRAVE: org/codehaus/groovy/runtime/callsite/AbstractCallSite
java.lang.RuntimeException: bad non-abstract method with no code: void org.codehaus.groovy.runtime.callsite.AbstractCallSite.<init>(org.codehaus.groovy.runtime.callsite.CallSiteArray, int, java.lang.String) on public class org.codehaus.groovy.runtime.callsite.AbstractCallSite
	at org.aspectj.weaver.bcel.LazyMethodGen.<init>(LazyMethodGen.java:221)
	at org.aspectj.weaver.bcel.LazyClassGen.<init>(LazyClassGen.java:360)
	at org.aspectj.weaver.bcel.BcelObjectType.getLazyClassGen(BcelObjectType.java:561)
	at org.aspectj.weaver.bcel.BcelWeaver.weave(BcelWeaver.java:1699)
	at org.aspectj.weaver.bcel.BcelWeaver.weaveWithoutDump(BcelWeaver.java:1650)
	at org.aspectj.weaver.bcel.BcelWeaver.weaveAndNotify(BcelWeaver.java:1417)
	at org.aspectj.weaver.bcel.BcelWeaver.weave(BcelWeaver.java:1192)
	at org.aspectj.weaver.tools.WeavingAdaptor.getWovenBytes(WeavingAdaptor.java:549)
	at org.aspectj.weaver.tools.WeavingAdaptor.weaveClass(WeavingAdaptor.java:385)
	at org.aspectj.weaver.loadtime.Aj.preProcess(Aj.java:116)
	at org.aspectj.weaver.loadtime.ClassPreProcessorAgentAdapter.transform(ClassPreProcessorAgentAdapter.java:51)
	at sun.instrument.TransformerManager.transform(TransformerManager.java:188)
	at sun.instrument.InstrumentationImpl.transform(InstrumentationImpl.java:428)
	at java.lang.ClassLoader.defineClass1(Native Method)
	at java.lang.ClassLoader.defineClass(ClassLoader.java:756)
	at java.lang.ClassLoader.defineClass(ClassLoader.java:635)
	at org.codehaus.groovy.reflection.SunClassLoader.define(SunClassLoader.java:105)
	at org.codehaus.groovy.runtime.callsite.GroovySunClassLoader.loadAbstract(GroovySunClassLoader.java:78)
	at org.codehaus.groovy.runtime.callsite.GroovySunClassLoader.<init>(GroovySunClassLoader.java:59)
	at org.codehaus.groovy.runtime.callsite.GroovySunClassLoader.<init>(GroovySunClassLoader.java:54)
	at org.codehaus.groovy.runtime.callsite.GroovySunClassLoader.lambda$static$0(GroovySunClassLoader.java:40)
	at java.security.AccessController.doPrivileged(Native Method)
	at org.codehaus.groovy.runtime.callsite.GroovySunClassLoader.doPrivileged(GroovySunClassLoader.java:50)
	at org.codehaus.groovy.runtime.callsite.GroovySunClassLoader.<clinit>(GroovySunClassLoader.java:37)
	at org.codehaus.groovy.runtime.callsite.CallSiteGenerator.isCompilable(CallSiteGenerator.java:252)
	at org.codehaus.groovy.reflection.CachedMethod.createStaticMetaMethodSite(CachedMethod.java:302)
	at org.codehaus.groovy.runtime.callsite.StaticMetaMethodSite.createStaticMetaMethodSite(StaticMetaMethodSite.java:114)
	at groovy.lang.MetaClassImpl.createStaticSite(MetaClassImpl.java:3593)
	at org.codehaus.groovy.runtime.callsite.CallSiteArray.createCallStaticSite(CallSiteArray.java:72)
	at org.codehaus.groovy.runtime.callsite.CallSiteArray.createCallSite(CallSiteArray.java:159)
	at org.codehaus.groovy.runtime.callsite.CallSiteArray.defaultCall(CallSiteArray.java:45)
	at org.codehaus.groovy.runtime.callsite.AbstractCallSite.call(AbstractCallSite.java:125)
	at org.codehaus.groovy.runtime.callsite.AbstractCallSite.call(AbstractCallSite.java:130)
	at io.restassured.internal.common.assertion.AssertParameter.notNull(AssertParameter.groovy:21)
	at io.restassured.config.SSLConfig.<init>(SSLConfig.java:201)
	at io.restassured.config.SSLConfig.<init>(SSLConfig.java:193)
	at io.restassured.config.RestAssuredConfig.<init>(RestAssuredConfig.java:41)
	at io.restassured.RestAssured.<clinit>(RestAssured.java:422)
	at com.company.utils.TestConfig.setupRestAssured(TestConfig.java:34)
	at com.company.utils.TestConfig.<clinit>(TestConfig.java:20)
	at com.company.services.UserService.<clinit>(UserService.java:11)
	at com.company.api.UserAPITest.testCreateUserSuccess(UserAPITest.java:38)
	at sun.reflect.NativeMethodAccessorImpl.invoke0(Native Method)
	at sun.reflect.NativeMethodAccessorImpl.invoke(NativeMethodAccessorImpl.java:62)
	at sun.reflect.DelegatingMethodAccessorImpl.invoke(DelegatingMethodAccessorImpl.java:43)
	at java.lang.reflect.Method.invoke(Method.java:498)
	at org.junit.platform.commons.util.ReflectionUtils.invokeMethod(ReflectionUtils.java:727)
	at org.junit.jupiter.engine.execution.MethodInvocation.proceed(MethodInvocation.java:60)
	at org.junit.jupiter.engine.execution.InvocationInterceptorChain$ValidatingInvocation.proceed(InvocationInterceptorChain.java:131)
	at org.junit.jupiter.api.extension.InvocationInterceptor.interceptTestMethod(InvocationInterceptor.java:118)
	at org.junit.jupiter.engine.execution.InterceptingExecutableInvoker$ReflectiveInterceptorCall.lambda$ofVoidMethod$0(InterceptingExecutableInvoker.java:103)
	at org.junit.jupiter.engine.execution.InterceptingExecutableInvoker.lambda$invoke$0(InterceptingExecutableInvoker.java:93)
	at org.junit.jupiter.engine.execution.InvocationInterceptorChain$InterceptedInvocation.proceed(InvocationInterceptorChain.java:106)
	at org.junit.jupiter.engine.extension.TimeoutExtension.intercept(TimeoutExtension.java:156)
	at org.junit.jupiter.engine.extension.TimeoutExtension.interceptTestableMethod(TimeoutExtension.java:147)
	at org.junit.jupiter.engine.extension.TimeoutExtension.interceptTestMethod(TimeoutExtension.java:86)
	at org.junit.jupiter.engine.execution.InterceptingExecutableInvoker$ReflectiveInterceptorCall.lambda$ofVoidMethod$0(InterceptingExecutableInvoker.java:103)
	at org.junit.jupiter.engine.execution.InterceptingExecutableInvoker.lambda$invoke$0(InterceptingExecutableInvoker.java:93)
	at org.junit.jupiter.engine.execution.InvocationInterceptorChain$InterceptedInvocation.proceed(InvocationInterceptorChain.java:106)
	at org.junit.jupiter.engine.execution.InvocationInterceptorChain.proceed(InvocationInterceptorChain.java:64)
	at org.junit.jupiter.engine.execution.InvocationInterceptorChain.chainAndInvoke(InvocationInterceptorChain.java:45)
	at org.junit.jupiter.engine.execution.InvocationInterceptorChain.invoke(InvocationInterceptorChain.java:37)
	at org.junit.jupiter.engine.execution.InterceptingExecutableInvoker.invoke(InterceptingExecutableInvoker.java:92)
	at org.junit.jupiter.engine.execution.InterceptingExecutableInvoker.invoke(InterceptingExecutableInvoker.java:86)
	at org.junit.jupiter.engine.descriptor.TestMethodTestDescriptor.lambda$invokeTestMethod$7(TestMethodTestDescriptor.java:217)
	at org.junit.platform.engine.support.hierarchical.ThrowableCollector.execute(ThrowableCollector.java:73)
	at org.junit.jupiter.engine.descriptor.TestMethodTestDescriptor.invokeTestMethod(TestMethodTestDescriptor.java:213)
	at org.junit.jupiter.engine.descriptor.TestMethodTestDescriptor.execute(TestMethodTestDescriptor.java:138)
	at org.junit.jupiter.engine.descriptor.TestMethodTestDescriptor.execute(TestMethodTestDescriptor.java:68)
	at org.junit.platform.engine.support.hierarchical.NodeTestTask.lambda$executeRecursively$6(NodeTestTask.java:151)
	at org.junit.platform.engine.support.hierarchical.ThrowableCollector.execute(ThrowableCollector.java:73)
	at org.junit.platform.engine.support.hierarchical.NodeTestTask.lambda$executeRecursively$8(NodeTestTask.java:141)
	at org.junit.platform.engine.support.hierarchical.Node.around(Node.java:137)
	at org.junit.platform.engine.support.hierarchical.NodeTestTask.lambda$executeRecursively$9(NodeTestTask.java:139)
	at org.junit.platform.engine.support.hierarchical.ThrowableCollector.execute(ThrowableCollector.java:73)
	at org.junit.platform.engine.support.hierarchical.NodeTestTask.executeRecursively(NodeTestTask.java:138)
	at org.junit.platform.engine.support.hierarchical.NodeTestTask.execute(NodeTestTask.java:95)
	at java.util.ArrayList.forEach(ArrayList.java:1259)
	at org.junit.platform.engine.support.hierarchical.SameThreadHierarchicalTestExecutorService.invokeAll(SameThreadHierarchicalTestExecutorService.java:41)
	at org.junit.platform.engine.support.hierarchical.NodeTestTask.lambda$executeRecursively$6(NodeTestTask.java:155)
	at org.junit.platform.engine.support.hierarchical.ThrowableCollector.execute(ThrowableCollector.java:73)
	at org.junit.platform.engine.support.hierarchical.NodeTestTask.lambda$executeRecursively$8(NodeTestTask.java:141)
	at org.junit.platform.engine.support.hierarchical.Node.around(Node.java:137)
	at org.junit.platform.engine.support.hierarchical.NodeTestTask.lambda$executeRecursively$9(NodeTestTask.java:139)
	at org.junit.platform.engine.support.hierarchical.ThrowableCollector.execute(ThrowableCollector.java:73)
	at org.junit.platform.engine.support.hierarchical.NodeTestTask.executeRecursively(NodeTestTask.java:138)
	at org.junit.platform.engine.support.hierarchical.NodeTestTask.execute(NodeTestTask.java:95)
	at java.util.ArrayList.forEach(ArrayList.java:1259)
	at org.junit.platform.engine.support.hierarchical.SameThreadHierarchicalTestExecutorService.invokeAll(SameThreadHierarchicalTestExecutorService.java:41)
	at org.junit.platform.engine.support.hierarchical.NodeTestTask.lambda$executeRecursively$6(NodeTestTask.java:155)
	at org.junit.platform.engine.support.hierarchical.ThrowableCollector.execute(ThrowableCollector.java:73)
	at org.junit.platform.engine.support.hierarchical.NodeTestTask.lambda$executeRecursively$8(NodeTestTask.java:141)
	at org.junit.platform.engine.support.hierarchical.Node.around(Node.java:137)
	at org.junit.platform.engine.support.hierarchical.NodeTestTask.lambda$executeRecursively$9(NodeTestTask.java:139)
	at org.junit.platform.engine.support.hierarchical.ThrowableCollector.execute(ThrowableCollector.java:73)
	at org.junit.platform.engine.support.hierarchical.NodeTestTask.executeRecursively(NodeTestTask.java:138)
	at org.junit.platform.engine.support.hierarchical.NodeTestTask.execute(NodeTestTask.java:95)
	at org.junit.platform.engine.support.hierarchical.SameThreadHierarchicalTestExecutorService.submit(SameThreadHierarchicalTestExecutorService.java:35)
	at org.junit.platform.engine.support.hierarchical.HierarchicalTestExecutor.execute(HierarchicalTestExecutor.java:57)
	at org.junit.platform.engine.support.hierarchical.HierarchicalTestEngine.execute(HierarchicalTestEngine.java:54)
	at org.junit.platform.launcher.core.EngineExecutionOrchestrator.execute(EngineExecutionOrchestrator.java:107)
	at org.junit.platform.launcher.core.EngineExecutionOrchestrator.execute(EngineExecutionOrchestrator.java:88)
	at org.junit.platform.launcher.core.EngineExecutionOrchestrator.lambda$execute$0(EngineExecutionOrchestrator.java:54)
	at org.junit.platform.launcher.core.EngineExecutionOrchestrator.withInterceptedStreams(EngineExecutionOrchestrator.java:67)
	at org.junit.platform.launcher.core.EngineExecutionOrchestrator.execute(EngineExecutionOrchestrator.java:52)
	at org.junit.platform.launcher.core.DefaultLauncher.execute(DefaultLauncher.java:114)
	at org.junit.platform.launcher.core.DefaultLauncher.execute(DefaultLauncher.java:86)
	at org.junit.platform.launcher.core.DefaultLauncherSession$DelegatingLauncher.execute(DefaultLauncherSession.java:86)
	at org.apache.maven.surefire.junitplatform.LazyLauncher.execute(LazyLauncher.java:55)
	at org.apache.maven.surefire.junitplatform.JUnitPlatformProvider.execute(JUnitPlatformProvider.java:223)
	at org.apache.maven.surefire.junitplatform.JUnitPlatformProvider.invokeAllTests(JUnitPlatformProvider.java:175)
	at org.apache.maven.surefire.junitplatform.JUnitPlatformProvider.invoke(JUnitPlatformProvider.java:139)
	at org.apache.maven.surefire.booter.ForkedBooter.runSuitesInProcess(ForkedBooter.java:456)
	at org.apache.maven.surefire.booter.ForkedBooter.execute(ForkedBooter.java:169)
	at org.apache.maven.surefire.booter.ForkedBooter.run(ForkedBooter.java:595)
	at org.apache.maven.surefire.booter.ForkedBooter.main(ForkedBooter.java:581)

ago 30, 2025 9:28:19 PM org.aspectj.weaver.tools.Jdk14Trace info
INFORMAÇÕES: Dumping to /Users/sempreit/Documents/projects/api-restassured-framework/./ajcore.20250830.212819.754.txt
]]></system-err>
  </testcase>
  <testcase name="testGetUserByIdSuccess" classname="com.company.api.UserAPITest" time="0.551">
    <system-out><![CDATA[Request method:	GET
Request URI:	https://serverest.dev/usuarios/WgprcDBPImE78Nzy
Proxy:			<none>
Request params:	<none>
Query params:	<none>
Form params:	<none>
Path params:	<none>
Headers:		Authorization=Bearer eyJhbGciOiJIUzI1NiIsInR5cCI6IkpXVCJ9.eyJlbWFpbCI6ImZ1bGFub0BxYS5jb20iLCJwYXNzd29yZCI6InRlc3RlIiwiaWF0IjoxNzU2NjAwMTAwLCJleHAiOjE3NTY2MDA3MDB9.oSZruebNXq6fJb9cxeZc5rUaT-Q-pzEFV1H7EGs0-RM
				Accept=*/*
				Content-Type=application/json
Cookies:		<none>
Multiparts:		<none>
Body:			<none>
HTTP/1.1 200 OK
access-control-allow-origin: *
x-dns-prefetch-control: off
x-frame-options: SAMEORIGIN
strict-transport-security: max-age=15552000; includeSubDomains
x-download-options: noopen
x-content-type-options: nosniff
x-xss-protection: 1; mode=block
content-type: application/json; charset=utf-8
x-cloud-trace-context: f1fe436d2a74ea9af9368456de71c569
date: Sun, 31 Aug 2025 00:28:22 GMT
server: Google Frontend
Content-Length: 161

{
    "nome": "Test User API",
    "email": "testuser.api@email.com",
    "password": "password123",
    "administrador": "true",
    "_id": "WgprcDBPImE78Nzy"
}
]]></system-out>
  </testcase>
  <testcase name="testGetAllUsersSuccess" classname="com.company.api.UserAPITest" time="0.543">
    <system-out><![CDATA[Request method:	GET
Request URI:	https://serverest.dev/usuarios
Proxy:			<none>
Request params:	<none>
Query params:	<none>
Form params:	<none>
Path params:	<none>
Headers:		Authorization=Bearer eyJhbGciOiJIUzI1NiIsInR5cCI6IkpXVCJ9.eyJlbWFpbCI6ImZ1bGFub0BxYS5jb20iLCJwYXNzd29yZCI6InRlc3RlIiwiaWF0IjoxNzU2NjAwMTAwLCJleHAiOjE3NTY2MDA3MDB9.oSZruebNXq6fJb9cxeZc5rUaT-Q-pzEFV1H7EGs0-RM
				Accept=*/*
				Content-Type=application/json
Cookies:		<none>
Multiparts:		<none>
Body:			<none>
HTTP/1.1 200 OK
access-control-allow-origin: *
x-dns-prefetch-control: off
x-frame-options: SAMEORIGIN
strict-transport-security: max-age=15552000; includeSubDomains
x-download-options: noopen
x-content-type-options: nosniff
x-xss-protection: 1; mode=block
content-type: application/json; charset=utf-8
x-cloud-trace-context: 6d884fd2816ebfe09ba4b78ee7aa4e7a
date: Sun, 31 Aug 2025 00:28:23 GMT
server: Google Frontend
Content-Length: 1603

{
    "quantidade": 7,
    "usuarios": [
        {
            "nome": "Fulano da Silva",
            "email": "fulano@qa.com",
            "password": "teste",
            "administrador": "true",
            "_id": "0uxuPY0cbmQhpEz1"
        },
        {
            "nome": "Víctor Macedo Jr.",
            "email": "vitoria_souza@bol.com.br",
            "password": "xDx0vxZ9sg7YGwP",
            "administrador": "false",
            "_id": "5Wkc6c5d6VHuc65A"
        },
        {
            "nome": "Larissa Saraiva",
            "email": "daniel62@bol.com.br",
            "password": "2opWpKafMBT5wqi",
            "administrador": "false",
            "_id": "FGsWq9ucL3vY1xRl"
        },
        {
            "nome": "Rebeca Santos",
            "email": "meire10@gmail.com",
            "password": "pt3Cuvsx2rfdkyG",
            "administrador": "true",
            "_id": "QaqWhblcyQE8ROV7"
        },
        {
            "nome": "Test User API",
            "email": "testuser.api@email.com",
            "password": "password123",
            "administrador": "true",
            "_id": "WgprcDBPImE78Nzy"
        },
        {
            "nome": "Norberto Batista",
            "email": "felicia_moreira@gmail.com",
            "password": "vtOFfVQctPKgyGm",
            "administrador": "false",
            "_id": "nATjxWrBLWwFsLgo"
        },
        {
            "nome": "Norberto Batista",
            "email": "kleber_barros40@live.com",
            "password": "OByMy86IUQWM2Fu",
            "administrador": "false",
            "_id": "oUiACV68QygEdTa3"
        }
    ]
}
]]></system-out>
  </testcase>
  <testcase name="testUpdateUserSuccess" classname="com.company.api.UserAPITest" time="1.078">
    <system-out><![CDATA[Request method:	PUT
Request URI:	https://serverest.dev/usuarios/WgprcDBPImE78Nzy
Proxy:			<none>
Request params:	<none>
Query params:	<none>
Form params:	<none>
Path params:	<none>
Headers:		Authorization=Bearer eyJhbGciOiJIUzI1NiIsInR5cCI6IkpXVCJ9.eyJlbWFpbCI6ImZ1bGFub0BxYS5jb20iLCJwYXNzd29yZCI6InRlc3RlIiwiaWF0IjoxNzU2NjAwMTAwLCJleHAiOjE3NTY2MDA3MDB9.oSZruebNXq6fJb9cxeZc5rUaT-Q-pzEFV1H7EGs0-RM
				Accept=*/*
				Content-Type=application/json
Cookies:		<none>
Multiparts:		<none>
Body:
{
    "nome": "Updated User Name",
    "email": "updated.email@test.com",
    "password": "newpassword123",
    "administrador": "false"
}
HTTP/1.1 200 OK
access-control-allow-origin: *
x-dns-prefetch-control: off
x-frame-options: SAMEORIGIN
strict-transport-security: max-age=15552000; includeSubDomains
x-download-options: noopen
x-content-type-options: nosniff
x-xss-protection: 1; mode=block
content-type: application/json; charset=utf-8
x-cloud-trace-context: 75ff2d5ba95ea3805686f7fbd5686ef3
date: Sun, 31 Aug 2025 00:28:23 GMT
server: Google Frontend
Content-Length: 50

{
    "message": "Registro alterado com sucesso"
}
Request method:	GET
Request URI:	https://serverest.dev/usuarios/WgprcDBPImE78Nzy
Proxy:			<none>
Request params:	<none>
Query params:	<none>
Form params:	<none>
Path params:	<none>
Headers:		Authorization=Bearer eyJhbGciOiJIUzI1NiIsInR5cCI6IkpXVCJ9.eyJlbWFpbCI6ImZ1bGFub0BxYS5jb20iLCJwYXNzd29yZCI6InRlc3RlIiwiaWF0IjoxNzU2NjAwMTAwLCJleHAiOjE3NTY2MDA3MDB9.oSZruebNXq6fJb9cxeZc5rUaT-Q-pzEFV1H7EGs0-RM
				Accept=*/*
				Content-Type=application/json
Cookies:		<none>
Multiparts:		<none>
Body:			<none>
HTTP/1.1 200 OK
access-control-allow-origin: *
x-dns-prefetch-control: off
x-frame-options: SAMEORIGIN
strict-transport-security: max-age=15552000; includeSubDomains
x-download-options: noopen
x-content-type-options: nosniff
x-xss-protection: 1; mode=block
content-type: application/json; charset=utf-8
x-cloud-trace-context: 6e52219e9ea7f8cfa079299f3b048e58
date: Sun, 31 Aug 2025 00:28:24 GMT
server: Google Frontend
Content-Length: 169

{
    "nome": "Updated User Name",
    "email": "updated.email@test.com",
    "password": "newpassword123",
    "administrador": "false",
    "_id": "WgprcDBPImE78Nzy"
}
]]></system-out>
  </testcase>
  <testcase name="testDeleteUserSuccess" classname="com.company.api.UserAPITest" time="1.061">
    <system-out><![CDATA[Request method:	DELETE
Request URI:	https://serverest.dev/usuarios/WgprcDBPImE78Nzy
Proxy:			<none>
Request params:	<none>
Query params:	<none>
Form params:	<none>
Path params:	<none>
Headers:		Authorization=Bearer eyJhbGciOiJIUzI1NiIsInR5cCI6IkpXVCJ9.eyJlbWFpbCI6ImZ1bGFub0BxYS5jb20iLCJwYXNzd29yZCI6InRlc3RlIiwiaWF0IjoxNzU2NjAwMTAwLCJleHAiOjE3NTY2MDA3MDB9.oSZruebNXq6fJb9cxeZc5rUaT-Q-pzEFV1H7EGs0-RM
				Accept=*/*
				Content-Type=application/json
Cookies:		<none>
Multiparts:		<none>
Body:			<none>
HTTP/1.1 200 OK
access-control-allow-origin: *
x-dns-prefetch-control: off
x-frame-options: SAMEORIGIN
strict-transport-security: max-age=15552000; includeSubDomains
x-download-options: noopen
x-content-type-options: nosniff
x-xss-protection: 1; mode=block
content-type: application/json; charset=utf-8
x-cloud-trace-context: 05cc0c8273de39f08ba9ea235dd825bc
date: Sun, 31 Aug 2025 00:28:24 GMT
server: Google Frontend
Content-Length: 51

{
    "message": "Registro excluído com sucesso"
}
Request method:	GET
Request URI:	https://serverest.dev/usuarios/WgprcDBPImE78Nzy
Proxy:			<none>
Request params:	<none>
Query params:	<none>
Form params:	<none>
Path params:	<none>
Headers:		Authorization=Bearer eyJhbGciOiJIUzI1NiIsInR5cCI6IkpXVCJ9.eyJlbWFpbCI6ImZ1bGFub0BxYS5jb20iLCJwYXNzd29yZCI6InRlc3RlIiwiaWF0IjoxNzU2NjAwMTAwLCJleHAiOjE3NTY2MDA3MDB9.oSZruebNXq6fJb9cxeZc5rUaT-Q-pzEFV1H7EGs0-RM
				Accept=*/*
				Content-Type=application/json
Cookies:		<none>
Multiparts:		<none>
Body:			<none>
HTTP/1.1 400 Bad Request
access-control-allow-origin: *
x-dns-prefetch-control: off
x-frame-options: SAMEORIGIN
strict-transport-security: max-age=15552000; includeSubDomains
x-download-options: noopen
x-content-type-options: nosniff
x-xss-protection: 1; mode=block
content-type: application/json; charset=utf-8
x-cloud-trace-context: 63c1e90c1719bcbb40b4718ae621635c
date: Sun, 31 Aug 2025 00:28:25 GMT
server: Google Frontend
Content-Length: 45

{
    "message": "Usuário não encontrado"
}
]]></system-out>
  </testcase>
  <testcase name="testCreateUserMissingFields" classname="com.company.api.UserAPITest" time="0.528">
    <system-out><![CDATA[Request method:	POST
Request URI:	https://serverest.dev/usuarios
Proxy:			<none>
Request params:	<none>
Query params:	<none>
Form params:	<none>
Path params:	<none>
Headers:		Authorization=Bearer eyJhbGciOiJIUzI1NiIsInR5cCI6IkpXVCJ9.eyJlbWFpbCI6ImZ1bGFub0BxYS5jb20iLCJwYXNzd29yZCI6InRlc3RlIiwiaWF0IjoxNzU2NjAwMTAwLCJleHAiOjE3NTY2MDA3MDB9.oSZruebNXq6fJb9cxeZc5rUaT-Q-pzEFV1H7EGs0-RM
				Accept=*/*
				Content-Type=application/json
Cookies:		<none>
Multiparts:		<none>
Body:
{
    "email": "test@email.com",
    "administrador": "true"
}
HTTP/1.1 400 Bad Request
access-control-allow-origin: *
x-dns-prefetch-control: off
x-frame-options: SAMEORIGIN
strict-transport-security: max-age=15552000; includeSubDomains
x-download-options: noopen
x-content-type-options: nosniff
x-xss-protection: 1; mode=block
content-type: application/json; charset=utf-8
x-cloud-trace-context: 194a8016872555c32043d8ecfc7f8cb1
date: Sun, 31 Aug 2025 00:28:25 GMT
server: Google Frontend
Content-Length: 82

{
    "nome": "nome é obrigatório",
    "password": "password é obrigatório"
}
]]></system-out>
  </testcase>
  <testcase name="testGetUserNotFound" classname="com.company.api.UserAPITest" time="1.192">
    <system-out><![CDATA[Request method:	GET
Request URI:	https://serverest.dev/usuarios/nonexistent123
Proxy:			<none>
Request params:	<none>
Query params:	<none>
Form params:	<none>
Path params:	<none>
Headers:		Authorization=Bearer eyJhbGciOiJIUzI1NiIsInR5cCI6IkpXVCJ9.eyJlbWFpbCI6ImZ1bGFub0BxYS5jb20iLCJwYXNzd29yZCI6InRlc3RlIiwiaWF0IjoxNzU2NjAwMTAwLCJleHAiOjE3NTY2MDA3MDB9.oSZruebNXq6fJb9cxeZc5rUaT-Q-pzEFV1H7EGs0-RM
				Accept=*/*
				Content-Type=application/json
Cookies:		<none>
Multiparts:		<none>
Body:			<none>
HTTP/1.1 400 Bad Request
access-control-allow-origin: *
x-dns-prefetch-control: off
x-frame-options: SAMEORIGIN
strict-transport-security: max-age=15552000; includeSubDomains
x-download-options: noopen
x-content-type-options: nosniff
x-xss-protection: 1; mode=block
content-type: application/json; charset=utf-8
x-cloud-trace-context: dbfc24e2364ba4c49c1a174627dd2242
date: Sun, 31 Aug 2025 00:28:27 GMT
server: Google Frontend
Content-Length: 67

{
    "id": "id deve ter exatamente 16 caracteres alfanuméricos"
}
]]></system-out>
  </testcase>
</testsuite>