<?xml version="1.0" encoding="UTF-8"?>
<testsuite xmlns:xsi="http://www.w3.org/2001/XMLSchema-instance" xsi:noNamespaceSchemaLocation="https://maven.apache.org/surefire/maven-surefire-plugin/xsd/surefire-test-report-3.0.xsd" version="3.0" name="com.company.api.PerformanceTest" time="6.548" tests="1" errors="0" skipped="0" failures="0">
  <properties>
    <property name="gopherProxySet" value="false"/>
    <property name="awt.toolkit" value="sun.lwawt.macosx.LWCToolkit"/>
    <property name="file.encoding.pkg" value="sun.io"/>
    <property name="java.specification.version" value="1.8"/>
    <property name="sun.cpu.isalist" value=""/>
    <property name="sun.jnu.encoding" value="UTF-8"/>
    <property name="java.class.path" value="/Users/sempreit/Documents/projects/api-restassured-framework/target/test-classes:/Users/sempreit/Documents/projects/api-restassured-framework/target/classes:/Users/sempreit/.m2/repository/io/rest-assured/rest-assured/5.3.0/rest-assured-5.3.0.jar:/Users/sempreit/.m2/repository/org/apache/groovy/groovy/4.0.6/groovy-4.0.6.jar:/Users/sempreit/.m2/repository/org/apache/groovy/groovy-xml/4.0.6/groovy-xml-4.0.6.jar:/Users/sempreit/.m2/repository/org/apache/httpcomponents/httpclient/4.5.13/httpclient-4.5.13.jar:/Users/sempreit/.m2/repository/org/apache/httpcomponents/httpcore/4.4.13/httpcore-4.4.13.jar:/Users/sempreit/.m2/repository/commons-logging/commons-logging/1.2/commons-logging-1.2.jar:/Users/sempreit/.m2/repository/commons-codec/commons-codec/1.11/commons-codec-1.11.jar:/Users/sempreit/.m2/repository/org/apache/httpcomponents/httpmime/4.5.13/httpmime-4.5.13.jar:/Users/sempreit/.m2/repository/org/hamcrest/hamcrest/2.1/hamcrest-2.1.jar:/Users/sempreit/.m2/repository/org/ccil/cowan/tagsoup/tagsoup/1.2.1/tagsoup-1.2.1.jar:/Users/sempreit/.m2/repository/io/rest-assured/xml-path/5.3.0/xml-path-5.3.0.jar:/Users/sempreit/.m2/repository/org/apache/commons/commons-lang3/3.11/commons-lang3-3.11.jar:/Users/sempreit/.m2/repository/io/rest-assured/json-path/5.3.0/json-path-5.3.0.jar:/Users/sempreit/.m2/repository/org/apache/groovy/groovy-json/4.0.6/groovy-json-4.0.6.jar:/Users/sempreit/.m2/repository/io/rest-assured/rest-assured-common/5.3.0/rest-assured-common-5.3.0.jar:/Users/sempreit/.m2/repository/org/junit/jupiter/junit-jupiter/5.9.2/junit-jupiter-5.9.2.jar:/Users/sempreit/.m2/repository/org/junit/jupiter/junit-jupiter-api/5.9.2/junit-jupiter-api-5.9.2.jar:/Users/sempreit/.m2/repository/org/opentest4j/opentest4j/1.2.0/opentest4j-1.2.0.jar:/Users/sempreit/.m2/repository/org/junit/platform/junit-platform-commons/1.9.2/junit-platform-commons-1.9.2.jar:/Users/sempreit/.m2/repository/org/apiguardian/apiguardian-api/1.1.2/apiguardian-api-1.1.2.jar:/Users/sempreit/.m2/repository/org/junit/jupiter/junit-jupiter-params/5.9.2/junit-jupiter-params-5.9.2.jar:/Users/sempreit/.m2/repository/org/junit/jupiter/junit-jupiter-engine/5.9.2/junit-jupiter-engine-5.9.2.jar:/Users/sempreit/.m2/repository/org/junit/platform/junit-platform-engine/1.9.2/junit-platform-engine-1.9.2.jar:/Users/sempreit/.m2/repository/io/qameta/allure/allure-junit5/2.21.0/allure-junit5-2.21.0.jar:/Users/sempreit/.m2/repository/io/qameta/allure/allure-junit-platform/2.21.0/allure-junit-platform-2.21.0.jar:/Users/sempreit/.m2/repository/io/qameta/allure/allure-java-commons/2.21.0/allure-java-commons-2.21.0.jar:/Users/sempreit/.m2/repository/io/qameta/allure/allure-model/2.21.0/allure-model-2.21.0.jar:/Users/sempreit/.m2/repository/io/qameta/allure/allure-test-filter/2.21.0/allure-test-filter-2.21.0.jar:/Users/sempreit/.m2/repository/org/junit/platform/junit-platform-launcher/1.8.2/junit-platform-launcher-1.8.2.jar:/Users/sempreit/.m2/repository/com/fasterxml/jackson/core/jackson-databind/2.14.2/jackson-databind-2.14.2.jar:/Users/sempreit/.m2/repository/com/fasterxml/jackson/core/jackson-annotations/2.14.2/jackson-annotations-2.14.2.jar:/Users/sempreit/.m2/repository/com/fasterxml/jackson/core/jackson-core/2.14.2/jackson-core-2.14.2.jar:/Users/sempreit/.m2/repository/org/slf4j/slf4j-simple/2.0.6/slf4j-simple-2.0.6.jar:/Users/sempreit/.m2/repository/org/slf4j/slf4j-api/2.0.6/slf4j-api-2.0.6.jar:"/>
    <property name="java.vm.vendor" value="Oracle Corporation"/>
    <property name="sun.arch.data.model" value="64"/>
    <property name="java.vendor.url" value="http://java.oracle.com/"/>
    <property name="user.timezone" value="America/Sao_Paulo"/>
    <property name="java.vm.specification.version" value="1.8"/>
    <property name="os.name" value="Mac OS X"/>
    <property name="user.country" value="BR"/>
    <property name="sun.java.launcher" value="SUN_STANDARD"/>
    <property name="sun.boot.library.path" value="/Library/Java/JavaVirtualMachines/jdk-1.8.jdk/Contents/Home/jre/lib"/>
    <property name="sun.java.command" value="/Users/sempreit/Documents/projects/api-restassured-framework/target/surefire/surefirebooter-20250830215107944_3.jar /Users/sempreit/Documents/projects/api-restassured-framework/target/surefire 2025-08-30T21-51-07_710-jvmRun1 surefire-20250830215107944_1tmp surefire_0-20250830215107944_2tmp"/>
    <property name="http.nonProxyHosts" value="local|*.local|169.254/16|*.169.254/16"/>
    <property name="surefire.test.class.path" value="/Users/sempreit/Documents/projects/api-restassured-framework/target/test-classes:/Users/sempreit/Documents/projects/api-restassured-framework/target/classes:/Users/sempreit/.m2/repository/io/rest-assured/rest-assured/5.3.0/rest-assured-5.3.0.jar:/Users/sempreit/.m2/repository/org/apache/groovy/groovy/4.0.6/groovy-4.0.6.jar:/Users/sempreit/.m2/repository/org/apache/groovy/groovy-xml/4.0.6/groovy-xml-4.0.6.jar:/Users/sempreit/.m2/repository/org/apache/httpcomponents/httpclient/4.5.13/httpclient-4.5.13.jar:/Users/sempreit/.m2/repository/org/apache/httpcomponents/httpcore/4.4.13/httpcore-4.4.13.jar:/Users/sempreit/.m2/repository/commons-logging/commons-logging/1.2/commons-logging-1.2.jar:/Users/sempreit/.m2/repository/commons-codec/commons-codec/1.11/commons-codec-1.11.jar:/Users/sempreit/.m2/repository/org/apache/httpcomponents/httpmime/4.5.13/httpmime-4.5.13.jar:/Users/sempreit/.m2/repository/org/hamcrest/hamcrest/2.1/hamcrest-2.1.jar:/Users/sempreit/.m2/repository/org/ccil/cowan/tagsoup/tagsoup/1.2.1/tagsoup-1.2.1.jar:/Users/sempreit/.m2/repository/io/rest-assured/xml-path/5.3.0/xml-path-5.3.0.jar:/Users/sempreit/.m2/repository/org/apache/commons/commons-lang3/3.11/commons-lang3-3.11.jar:/Users/sempreit/.m2/repository/io/rest-assured/json-path/5.3.0/json-path-5.3.0.jar:/Users/sempreit/.m2/repository/org/apache/groovy/groovy-json/4.0.6/groovy-json-4.0.6.jar:/Users/sempreit/.m2/repository/io/rest-assured/rest-assured-common/5.3.0/rest-assured-common-5.3.0.jar:/Users/sempreit/.m2/repository/org/junit/jupiter/junit-jupiter/5.9.2/junit-jupiter-5.9.2.jar:/Users/sempreit/.m2/repository/org/junit/jupiter/junit-jupiter-api/5.9.2/junit-jupiter-api-5.9.2.jar:/Users/sempreit/.m2/repository/org/opentest4j/opentest4j/1.2.0/opentest4j-1.2.0.jar:/Users/sempreit/.m2/repository/org/junit/platform/junit-platform-commons/1.9.2/junit-platform-commons-1.9.2.jar:/Users/sempreit/.m2/repository/org/apiguardian/apiguardian-api/1.1.2/apiguardian-api-1.1.2.jar:/Users/sempreit/.m2/repository/org/junit/jupiter/junit-jupiter-params/5.9.2/junit-jupiter-params-5.9.2.jar:/Users/sempreit/.m2/repository/org/junit/jupiter/junit-jupiter-engine/5.9.2/junit-jupiter-engine-5.9.2.jar:/Users/sempreit/.m2/repository/org/junit/platform/junit-platform-engine/1.9.2/junit-platform-engine-1.9.2.jar:/Users/sempreit/.m2/repository/io/qameta/allure/allure-junit5/2.21.0/allure-junit5-2.21.0.jar:/Users/sempreit/.m2/repository/io/qameta/allure/allure-junit-platform/2.21.0/allure-junit-platform-2.21.0.jar:/Users/sempreit/.m2/repository/io/qameta/allure/allure-java-commons/2.21.0/allure-java-commons-2.21.0.jar:/Users/sempreit/.m2/repository/io/qameta/allure/allure-model/2.21.0/allure-model-2.21.0.jar:/Users/sempreit/.m2/repository/io/qameta/allure/allure-test-filter/2.21.0/allure-test-filter-2.21.0.jar:/Users/sempreit/.m2/repository/org/junit/platform/junit-platform-launcher/1.8.2/junit-platform-launcher-1.8.2.jar:/Users/sempreit/.m2/repository/com/fasterxml/jackson/core/jackson-databind/2.14.2/jackson-databind-2.14.2.jar:/Users/sempreit/.m2/repository/com/fasterxml/jackson/core/jackson-annotations/2.14.2/jackson-annotations-2.14.2.jar:/Users/sempreit/.m2/repository/com/fasterxml/jackson/core/jackson-core/2.14.2/jackson-core-2.14.2.jar:/Users/sempreit/.m2/repository/org/slf4j/slf4j-simple/2.0.6/slf4j-simple-2.0.6.jar:/Users/sempreit/.m2/repository/org/slf4j/slf4j-api/2.0.6/slf4j-api-2.0.6.jar:"/>
    <property name="sun.cpu.endian" value="little"/>
    <property name="user.home" value="/Users/sempreit"/>
    <property name="user.language" value="pt"/>
    <property name="java.specification.vendor" value="Oracle Corporation"/>
    <property name="java.home" value="/Library/Java/JavaVirtualMachines/jdk-1.8.jdk/Contents/Home/jre"/>
    <property name="basedir" value="/Users/sempreit/Documents/projects/api-restassured-framework"/>
    <property name="file.separator" value="/"/>
    <property name="line.separator" value="&#10;"/>
    <property name="java.vm.specification.vendor" value="Oracle Corporation"/>
    <property name="java.specification.name" value="Java Platform API Specification"/>
    <property name="java.awt.graphicsenv" value="sun.awt.CGraphicsEnvironment"/>
    <property name="surefire.real.class.path" value="/Users/sempreit/Documents/projects/api-restassured-framework/target/surefire/surefirebooter-20250830215107944_3.jar:/Users/sempreit/.m2/repository/org/aspectj/aspectjweaver/1.9.19/aspectjweaver-1.9.19.jar"/>
    <property name="sun.boot.class.path" value="/Library/Java/JavaVirtualMachines/jdk-1.8.jdk/Contents/Home/jre/lib/resources.jar:/Library/Java/JavaVirtualMachines/jdk-1.8.jdk/Contents/Home/jre/lib/rt.jar:/Library/Java/JavaVirtualMachines/jdk-1.8.jdk/Contents/Home/jre/lib/jsse.jar:/Library/Java/JavaVirtualMachines/jdk-1.8.jdk/Contents/Home/jre/lib/jce.jar:/Library/Java/JavaVirtualMachines/jdk-1.8.jdk/Contents/Home/jre/lib/charsets.jar:/Library/Java/JavaVirtualMachines/jdk-1.8.jdk/Contents/Home/jre/lib/jfr.jar:/Library/Java/JavaVirtualMachines/jdk-1.8.jdk/Contents/Home/jre/classes"/>
    <property name="sun.management.compiler" value="HotSpot 64-Bit Tiered Compilers"/>
    <property name="ftp.nonProxyHosts" value="local|*.local|169.254/16|*.169.254/16"/>
    <property name="java.runtime.version" value="1.8.0_391-b13"/>
    <property name="user.name" value="sempreit"/>
    <property name="path.separator" value=":"/>
    <property name="os.version" value="14.6.1"/>
    <property name="java.endorsed.dirs" value="/Library/Java/JavaVirtualMachines/jdk-1.8.jdk/Contents/Home/jre/lib/endorsed"/>
    <property name="java.runtime.name" value="Java(TM) SE Runtime Environment"/>
    <property name="file.encoding" value="UTF-8"/>
    <property name="java.vm.name" value="Java HotSpot(TM) 64-Bit Server VM"/>
    <property name="localRepository" value="/Users/sempreit/.m2/repository"/>
    <property name="java.vendor.url.bug" value="http://bugreport.sun.com/bugreport/"/>
    <property name="java.io.tmpdir" value="/var/folders/kr/8gs24z9n4g55_rss9688pqdh0000gn/T/"/>
    <property name="java.version" value="1.8.0_391"/>
    <property name="user.dir" value="/Users/sempreit/Documents/projects/api-restassured-framework"/>
    <property name="os.arch" value="aarch64"/>
    <property name="java.vm.specification.name" value="Java Virtual Machine Specification"/>
    <property name="java.awt.printerjob" value="sun.lwawt.macosx.CPrinterJob"/>
    <property name="sun.os.patch.level" value="unknown"/>
    <property name="java.library.path" value="/Users/sempreit/Library/Java/Extensions:/Library/Java/Extensions:/Network/Library/Java/Extensions:/System/Library/Java/Extensions:/usr/lib/java:."/>
    <property name="junit.jupiter.extensions.autodetection.enabled" value="true"/>
    <property name="java.vm.info" value="mixed mode"/>
    <property name="java.vendor" value="Oracle Corporation"/>
    <property name="java.vm.version" value="25.391-b13"/>
    <property name="java.specification.maintenance.version" value="5"/>
    <property name="java.ext.dirs" value="/Users/sempreit/Library/Java/Extensions:/Library/Java/JavaVirtualMachines/jdk-1.8.jdk/Contents/Home/jre/lib/ext:/Library/Java/Extensions:/Network/Library/Java/Extensions:/System/Library/Java/Extensions:/usr/lib/java"/>
    <property name="sun.io.unicode.encoding" value="UnicodeBig"/>
    <property name="java.class.version" value="52.0"/>
    <property name="socksNonProxyHosts" value="local|*.local|169.254/16|*.169.254/16"/>
  </properties>
  <testcase name="testRateLimiting" classname="com.company.api.PerformanceTest" time="6.544">
    <system-out><![CDATA[Request method:	GET
Request URI:	https://serverest.dev/usuarios
Proxy:			<none>
Request params:	<none>
Query params:	<none>
Form params:	<none>
Path params:	<none>
Headers:		Authorization=Bearer eyJhbGciOiJIUzI1NiIsInR5cCI6IkpXVCJ9.eyJlbWFpbCI6ImZ1bGFub0BxYS5jb20iLCJwYXNzd29yZCI6InRlc3RlIiwiaWF0IjoxNzU2NjAxNDcwLCJleHAiOjE3NTY2MDIwNzB9.0m-938Jr67MsessDkrjm9_fLxb7s7Ud12PDvnvXoico
				Accept=*/*
				Content-Type=application/json
Cookies:		<none>
Multiparts:		<none>
Body:			<none>
HTTP/1.1 200 OK
access-control-allow-origin: *
x-dns-prefetch-control: off
x-frame-options: SAMEORIGIN
strict-transport-security: max-age=15552000; includeSubDomains
x-download-options: noopen
x-content-type-options: nosniff
x-xss-protection: 1; mode=block
content-type: application/json; charset=utf-8
x-cloud-trace-context: 323f6f0e19b55bd9a184648e83c094c6
date: Sun, 31 Aug 2025 00:51:16 GMT
server: Google Frontend
Content-Length: 1384

{
    "quantidade": 6,
    "usuarios": [
        {
            "nome": "Fulano da Silva",
            "email": "fulano@qa.com",
            "password": "teste",
            "administrador": "true",
            "_id": "0uxuPY0cbmQhpEz1"
        },
        {
            "nome": "Víctor Macedo Jr.",
            "email": "vitoria_souza@bol.com.br",
            "password": "xDx0vxZ9sg7YGwP",
            "administrador": "false",
            "_id": "5Wkc6c5d6VHuc65A"
        },
        {
            "nome": "Larissa Saraiva",
            "email": "daniel62@bol.com.br",
            "password": "2opWpKafMBT5wqi",
            "administrador": "false",
            "_id": "FGsWq9ucL3vY1xRl"
        },
        {
            "nome": "Rebeca Santos",
            "email": "meire10@gmail.com",
            "password": "pt3Cuvsx2rfdkyG",
            "administrador": "true",
            "_id": "QaqWhblcyQE8ROV7"
        },
        {
            "nome": "Norberto Batista",
            "email": "felicia_moreira@gmail.com",
            "password": "vtOFfVQctPKgyGm",
            "administrador": "false",
            "_id": "nATjxWrBLWwFsLgo"
        },
        {
            "nome": "Norberto Batista",
            "email": "kleber_barros40@live.com",
            "password": "OByMy86IUQWM2Fu",
            "administrador": "false",
            "_id": "oUiACV68QygEdTa3"
        }
    ]
}
Request method:	GET
Request URI:	https://serverest.dev/usuarios
Proxy:			<none>
Request params:	<none>
Query params:	<none>
Form params:	<none>
Path params:	<none>
Headers:		Authorization=Bearer eyJhbGciOiJIUzI1NiIsInR5cCI6IkpXVCJ9.eyJlbWFpbCI6ImZ1bGFub0BxYS5jb20iLCJwYXNzd29yZCI6InRlc3RlIiwiaWF0IjoxNzU2NjAxNDcwLCJleHAiOjE3NTY2MDIwNzB9.0m-938Jr67MsessDkrjm9_fLxb7s7Ud12PDvnvXoico
				Accept=*/*
				Content-Type=application/json
Cookies:		<none>
Multiparts:		<none>
Body:			<none>
HTTP/1.1 200 OK
access-control-allow-origin: *
x-dns-prefetch-control: off
x-frame-options: SAMEORIGIN
strict-transport-security: max-age=15552000; includeSubDomains
x-download-options: noopen
x-content-type-options: nosniff
x-xss-protection: 1; mode=block
content-type: application/json; charset=utf-8
x-cloud-trace-context: f78e3da5979ab8350881b31034a78991
date: Sun, 31 Aug 2025 00:51:17 GMT
server: Google Frontend
Content-Length: 1384

{
    "quantidade": 6,
    "usuarios": [
        {
            "nome": "Fulano da Silva",
            "email": "fulano@qa.com",
            "password": "teste",
            "administrador": "true",
            "_id": "0uxuPY0cbmQhpEz1"
        },
        {
            "nome": "Víctor Macedo Jr.",
            "email": "vitoria_souza@bol.com.br",
            "password": "xDx0vxZ9sg7YGwP",
            "administrador": "false",
            "_id": "5Wkc6c5d6VHuc65A"
        },
        {
            "nome": "Larissa Saraiva",
            "email": "daniel62@bol.com.br",
            "password": "2opWpKafMBT5wqi",
            "administrador": "false",
            "_id": "FGsWq9ucL3vY1xRl"
        },
        {
            "nome": "Rebeca Santos",
            "email": "meire10@gmail.com",
            "password": "pt3Cuvsx2rfdkyG",
            "administrador": "true",
            "_id": "QaqWhblcyQE8ROV7"
        },
        {
            "nome": "Norberto Batista",
            "email": "felicia_moreira@gmail.com",
            "password": "vtOFfVQctPKgyGm",
            "administrador": "false",
            "_id": "nATjxWrBLWwFsLgo"
        },
        {
            "nome": "Norberto Batista",
            "email": "kleber_barros40@live.com",
            "password": "OByMy86IUQWM2Fu",
            "administrador": "false",
            "_id": "oUiACV68QygEdTa3"
        }
    ]
}
Request method:	GET
Request URI:	https://serverest.dev/usuarios
Proxy:			<none>
Request params:	<none>
Query params:	<none>
Form params:	<none>
Path params:	<none>
Headers:		Authorization=Bearer eyJhbGciOiJIUzI1NiIsInR5cCI6IkpXVCJ9.eyJlbWFpbCI6ImZ1bGFub0BxYS5jb20iLCJwYXNzd29yZCI6InRlc3RlIiwiaWF0IjoxNzU2NjAxNDcwLCJleHAiOjE3NTY2MDIwNzB9.0m-938Jr67MsessDkrjm9_fLxb7s7Ud12PDvnvXoico
				Accept=*/*
				Content-Type=application/json
Cookies:		<none>
Multiparts:		<none>
Body:			<none>
HTTP/1.1 200 OK
access-control-allow-origin: *
x-dns-prefetch-control: off
x-frame-options: SAMEORIGIN
strict-transport-security: max-age=15552000; includeSubDomains
x-download-options: noopen
x-content-type-options: nosniff
x-xss-protection: 1; mode=block
content-type: application/json; charset=utf-8
x-cloud-trace-context: ab8e0a6917ea2b32f05ba0f02fc7a3d8
date: Sun, 31 Aug 2025 00:51:17 GMT
server: Google Frontend
Content-Length: 1384

{
    "quantidade": 6,
    "usuarios": [
        {
            "nome": "Fulano da Silva",
            "email": "fulano@qa.com",
            "password": "teste",
            "administrador": "true",
            "_id": "0uxuPY0cbmQhpEz1"
        },
        {
            "nome": "Víctor Macedo Jr.",
            "email": "vitoria_souza@bol.com.br",
            "password": "xDx0vxZ9sg7YGwP",
            "administrador": "false",
            "_id": "5Wkc6c5d6VHuc65A"
        },
        {
            "nome": "Larissa Saraiva",
            "email": "daniel62@bol.com.br",
            "password": "2opWpKafMBT5wqi",
            "administrador": "false",
            "_id": "FGsWq9ucL3vY1xRl"
        },
        {
            "nome": "Rebeca Santos",
            "email": "meire10@gmail.com",
            "password": "pt3Cuvsx2rfdkyG",
            "administrador": "true",
            "_id": "QaqWhblcyQE8ROV7"
        },
        {
            "nome": "Norberto Batista",
            "email": "felicia_moreira@gmail.com",
            "password": "vtOFfVQctPKgyGm",
            "administrador": "false",
            "_id": "nATjxWrBLWwFsLgo"
        },
        {
            "nome": "Norberto Batista",
            "email": "kleber_barros40@live.com",
            "password": "OByMy86IUQWM2Fu",
            "administrador": "false",
            "_id": "oUiACV68QygEdTa3"
        }
    ]
}
Request method:	GET
Request URI:	https://serverest.dev/usuarios
Proxy:			<none>
Request params:	<none>
Query params:	<none>
Form params:	<none>
Path params:	<none>
Headers:		Authorization=Bearer eyJhbGciOiJIUzI1NiIsInR5cCI6IkpXVCJ9.eyJlbWFpbCI6ImZ1bGFub0BxYS5jb20iLCJwYXNzd29yZCI6InRlc3RlIiwiaWF0IjoxNzU2NjAxNDcwLCJleHAiOjE3NTY2MDIwNzB9.0m-938Jr67MsessDkrjm9_fLxb7s7Ud12PDvnvXoico
				Accept=*/*
				Content-Type=application/json
Cookies:		<none>
Multiparts:		<none>
Body:			<none>
HTTP/1.1 200 OK
access-control-allow-origin: *
x-dns-prefetch-control: off
x-frame-options: SAMEORIGIN
strict-transport-security: max-age=15552000; includeSubDomains
x-download-options: noopen
x-content-type-options: nosniff
x-xss-protection: 1; mode=block
content-type: application/json; charset=utf-8
x-cloud-trace-context: 47f4f8869862f19965bdf87164213c4b
date: Sun, 31 Aug 2025 00:51:18 GMT
server: Google Frontend
Content-Length: 1384

{
    "quantidade": 6,
    "usuarios": [
        {
            "nome": "Fulano da Silva",
            "email": "fulano@qa.com",
            "password": "teste",
            "administrador": "true",
            "_id": "0uxuPY0cbmQhpEz1"
        },
        {
            "nome": "Víctor Macedo Jr.",
            "email": "vitoria_souza@bol.com.br",
            "password": "xDx0vxZ9sg7YGwP",
            "administrador": "false",
            "_id": "5Wkc6c5d6VHuc65A"
        },
        {
            "nome": "Larissa Saraiva",
            "email": "daniel62@bol.com.br",
            "password": "2opWpKafMBT5wqi",
            "administrador": "false",
            "_id": "FGsWq9ucL3vY1xRl"
        },
        {
            "nome": "Rebeca Santos",
            "email": "meire10@gmail.com",
            "password": "pt3Cuvsx2rfdkyG",
            "administrador": "true",
            "_id": "QaqWhblcyQE8ROV7"
        },
        {
            "nome": "Norberto Batista",
            "email": "felicia_moreira@gmail.com",
            "password": "vtOFfVQctPKgyGm",
            "administrador": "false",
            "_id": "nATjxWrBLWwFsLgo"
        },
        {
            "nome": "Norberto Batista",
            "email": "kleber_barros40@live.com",
            "password": "OByMy86IUQWM2Fu",
            "administrador": "false",
            "_id": "oUiACV68QygEdTa3"
        }
    ]
}
Request method:	GET
Request URI:	https://serverest.dev/usuarios
Proxy:			<none>
Request params:	<none>
Query params:	<none>
Form params:	<none>
Path params:	<none>
Headers:		Authorization=Bearer eyJhbGciOiJIUzI1NiIsInR5cCI6IkpXVCJ9.eyJlbWFpbCI6ImZ1bGFub0BxYS5jb20iLCJwYXNzd29yZCI6InRlc3RlIiwiaWF0IjoxNzU2NjAxNDcwLCJleHAiOjE3NTY2MDIwNzB9.0m-938Jr67MsessDkrjm9_fLxb7s7Ud12PDvnvXoico
				Accept=*/*
				Content-Type=application/json
Cookies:		<none>
Multiparts:		<none>
Body:			<none>
HTTP/1.1 200 OK
access-control-allow-origin: *
x-dns-prefetch-control: off
x-frame-options: SAMEORIGIN
strict-transport-security: max-age=15552000; includeSubDomains
x-download-options: noopen
x-content-type-options: nosniff
x-xss-protection: 1; mode=block
content-type: application/json; charset=utf-8
x-cloud-trace-context: 8a8f81fbc606722bf5e5df0b8ea09d4c
date: Sun, 31 Aug 2025 00:51:19 GMT
server: Google Frontend
Content-Length: 1384

{
    "quantidade": 6,
    "usuarios": [
        {
            "nome": "Fulano da Silva",
            "email": "fulano@qa.com",
            "password": "teste",
            "administrador": "true",
            "_id": "0uxuPY0cbmQhpEz1"
        },
        {
            "nome": "Víctor Macedo Jr.",
            "email": "vitoria_souza@bol.com.br",
            "password": "xDx0vxZ9sg7YGwP",
            "administrador": "false",
            "_id": "5Wkc6c5d6VHuc65A"
        },
        {
            "nome": "Larissa Saraiva",
            "email": "daniel62@bol.com.br",
            "password": "2opWpKafMBT5wqi",
            "administrador": "false",
            "_id": "FGsWq9ucL3vY1xRl"
        },
        {
            "nome": "Rebeca Santos",
            "email": "meire10@gmail.com",
            "password": "pt3Cuvsx2rfdkyG",
            "administrador": "true",
            "_id": "QaqWhblcyQE8ROV7"
        },
        {
            "nome": "Norberto Batista",
            "email": "felicia_moreira@gmail.com",
            "password": "vtOFfVQctPKgyGm",
            "administrador": "false",
            "_id": "nATjxWrBLWwFsLgo"
        },
        {
            "nome": "Norberto Batista",
            "email": "kleber_barros40@live.com",
            "password": "OByMy86IUQWM2Fu",
            "administrador": "false",
            "_id": "oUiACV68QygEdTa3"
        }
    ]
}
Request method:	GET
Request URI:	https://serverest.dev/usuarios
Proxy:			<none>
Request params:	<none>
Query params:	<none>
Form params:	<none>
Path params:	<none>
Headers:		Authorization=Bearer eyJhbGciOiJIUzI1NiIsInR5cCI6IkpXVCJ9.eyJlbWFpbCI6ImZ1bGFub0BxYS5jb20iLCJwYXNzd29yZCI6InRlc3RlIiwiaWF0IjoxNzU2NjAxNDcwLCJleHAiOjE3NTY2MDIwNzB9.0m-938Jr67MsessDkrjm9_fLxb7s7Ud12PDvnvXoico
				Accept=*/*
				Content-Type=application/json
Cookies:		<none>
Multiparts:		<none>
Body:			<none>
HTTP/1.1 200 OK
access-control-allow-origin: *
x-dns-prefetch-control: off
x-frame-options: SAMEORIGIN
strict-transport-security: max-age=15552000; includeSubDomains
x-download-options: noopen
x-content-type-options: nosniff
x-xss-protection: 1; mode=block
content-type: application/json; charset=utf-8
x-cloud-trace-context: 497c85afbe16792302dc8b912b205e63
date: Sun, 31 Aug 2025 00:51:19 GMT
server: Google Frontend
Content-Length: 1384

{
    "quantidade": 6,
    "usuarios": [
        {
            "nome": "Fulano da Silva",
            "email": "fulano@qa.com",
            "password": "teste",
            "administrador": "true",
            "_id": "0uxuPY0cbmQhpEz1"
        },
        {
            "nome": "Víctor Macedo Jr.",
            "email": "vitoria_souza@bol.com.br",
            "password": "xDx0vxZ9sg7YGwP",
            "administrador": "false",
            "_id": "5Wkc6c5d6VHuc65A"
        },
        {
            "nome": "Larissa Saraiva",
            "email": "daniel62@bol.com.br",
            "password": "2opWpKafMBT5wqi",
            "administrador": "false",
            "_id": "FGsWq9ucL3vY1xRl"
        },
        {
            "nome": "Rebeca Santos",
            "email": "meire10@gmail.com",
            "password": "pt3Cuvsx2rfdkyG",
            "administrador": "true",
            "_id": "QaqWhblcyQE8ROV7"
        },
        {
            "nome": "Norberto Batista",
            "email": "felicia_moreira@gmail.com",
            "password": "vtOFfVQctPKgyGm",
            "administrador": "false",
            "_id": "nATjxWrBLWwFsLgo"
        },
        {
            "nome": "Norberto Batista",
            "email": "kleber_barros40@live.com",
            "password": "OByMy86IUQWM2Fu",
            "administrador": "false",
            "_id": "oUiACV68QygEdTa3"
        }
    ]
}
Request method:	GET
Request URI:	https://serverest.dev/usuarios
Proxy:			<none>
Request params:	<none>
Query params:	<none>
Form params:	<none>
Path params:	<none>
Headers:		Authorization=Bearer eyJhbGciOiJIUzI1NiIsInR5cCI6IkpXVCJ9.eyJlbWFpbCI6ImZ1bGFub0BxYS5jb20iLCJwYXNzd29yZCI6InRlc3RlIiwiaWF0IjoxNzU2NjAxNDcwLCJleHAiOjE3NTY2MDIwNzB9.0m-938Jr67MsessDkrjm9_fLxb7s7Ud12PDvnvXoico
				Accept=*/*
				Content-Type=application/json
Cookies:		<none>
Multiparts:		<none>
Body:			<none>
HTTP/1.1 200 OK
access-control-allow-origin: *
x-dns-prefetch-control: off
x-frame-options: SAMEORIGIN
strict-transport-security: max-age=15552000; includeSubDomains
x-download-options: noopen
x-content-type-options: nosniff
x-xss-protection: 1; mode=block
content-type: application/json; charset=utf-8
x-cloud-trace-context: a3515857c9af0e8e5befa86cfc823a6e;o=1
date: Sun, 31 Aug 2025 00:51:20 GMT
server: Google Frontend
Content-Length: 1384

{
    "quantidade": 6,
    "usuarios": [
        {
            "nome": "Fulano da Silva",
            "email": "fulano@qa.com",
            "password": "teste",
            "administrador": "true",
            "_id": "0uxuPY0cbmQhpEz1"
        },
        {
            "nome": "Víctor Macedo Jr.",
            "email": "vitoria_souza@bol.com.br",
            "password": "xDx0vxZ9sg7YGwP",
            "administrador": "false",
            "_id": "5Wkc6c5d6VHuc65A"
        },
        {
            "nome": "Larissa Saraiva",
            "email": "daniel62@bol.com.br",
            "password": "2opWpKafMBT5wqi",
            "administrador": "false",
            "_id": "FGsWq9ucL3vY1xRl"
        },
        {
            "nome": "Rebeca Santos",
            "email": "meire10@gmail.com",
            "password": "pt3Cuvsx2rfdkyG",
            "administrador": "true",
            "_id": "QaqWhblcyQE8ROV7"
        },
        {
            "nome": "Norberto Batista",
            "email": "felicia_moreira@gmail.com",
            "password": "vtOFfVQctPKgyGm",
            "administrador": "false",
            "_id": "nATjxWrBLWwFsLgo"
        },
        {
            "nome": "Norberto Batista",
            "email": "kleber_barros40@live.com",
            "password": "OByMy86IUQWM2Fu",
            "administrador": "false",
            "_id": "oUiACV68QygEdTa3"
        }
    ]
}
Request method:	GET
Request URI:	https://serverest.dev/usuarios
Proxy:			<none>
Request params:	<none>
Query params:	<none>
Form params:	<none>
Path params:	<none>
Headers:		Authorization=Bearer eyJhbGciOiJIUzI1NiIsInR5cCI6IkpXVCJ9.eyJlbWFpbCI6ImZ1bGFub0BxYS5jb20iLCJwYXNzd29yZCI6InRlc3RlIiwiaWF0IjoxNzU2NjAxNDcwLCJleHAiOjE3NTY2MDIwNzB9.0m-938Jr67MsessDkrjm9_fLxb7s7Ud12PDvnvXoico
				Accept=*/*
				Content-Type=application/json
Cookies:		<none>
Multiparts:		<none>
Body:			<none>
HTTP/1.1 200 OK
access-control-allow-origin: *
x-dns-prefetch-control: off
x-frame-options: SAMEORIGIN
strict-transport-security: max-age=15552000; includeSubDomains
x-download-options: noopen
x-content-type-options: nosniff
x-xss-protection: 1; mode=block
content-type: application/json; charset=utf-8
x-cloud-trace-context: 20f5d190cf094f6e376e48f8a7e3fb20
date: Sun, 31 Aug 2025 00:51:21 GMT
server: Google Frontend
Content-Length: 1384

{
    "quantidade": 6,
    "usuarios": [
        {
            "nome": "Fulano da Silva",
            "email": "fulano@qa.com",
            "password": "teste",
            "administrador": "true",
            "_id": "0uxuPY0cbmQhpEz1"
        },
        {
            "nome": "Víctor Macedo Jr.",
            "email": "vitoria_souza@bol.com.br",
            "password": "xDx0vxZ9sg7YGwP",
            "administrador": "false",
            "_id": "5Wkc6c5d6VHuc65A"
        },
        {
            "nome": "Larissa Saraiva",
            "email": "daniel62@bol.com.br",
            "password": "2opWpKafMBT5wqi",
            "administrador": "false",
            "_id": "FGsWq9ucL3vY1xRl"
        },
        {
            "nome": "Rebeca Santos",
            "email": "meire10@gmail.com",
            "password": "pt3Cuvsx2rfdkyG",
            "administrador": "true",
            "_id": "QaqWhblcyQE8ROV7"
        },
        {
            "nome": "Norberto Batista",
            "email": "felicia_moreira@gmail.com",
            "password": "vtOFfVQctPKgyGm",
            "administrador": "false",
            "_id": "nATjxWrBLWwFsLgo"
        },
        {
            "nome": "Norberto Batista",
            "email": "kleber_barros40@live.com",
            "password": "OByMy86IUQWM2Fu",
            "administrador": "false",
            "_id": "oUiACV68QygEdTa3"
        }
    ]
}
Request method:	GET
Request URI:	https://serverest.dev/usuarios
Proxy:			<none>
Request params:	<none>
Query params:	<none>
Form params:	<none>
Path params:	<none>
Headers:		Authorization=Bearer eyJhbGciOiJIUzI1NiIsInR5cCI6IkpXVCJ9.eyJlbWFpbCI6ImZ1bGFub0BxYS5jb20iLCJwYXNzd29yZCI6InRlc3RlIiwiaWF0IjoxNzU2NjAxNDcwLCJleHAiOjE3NTY2MDIwNzB9.0m-938Jr67MsessDkrjm9_fLxb7s7Ud12PDvnvXoico
				Accept=*/*
				Content-Type=application/json
Cookies:		<none>
Multiparts:		<none>
Body:			<none>
HTTP/1.1 200 OK
access-control-allow-origin: *
x-dns-prefetch-control: off
x-frame-options: SAMEORIGIN
strict-transport-security: max-age=15552000; includeSubDomains
x-download-options: noopen
x-content-type-options: nosniff
x-xss-protection: 1; mode=block
content-type: application/json; charset=utf-8
x-cloud-trace-context: 63a984cdc643f9668355274d0f902765
date: Sun, 31 Aug 2025 00:51:21 GMT
server: Google Frontend
Content-Length: 1384

{
    "quantidade": 6,
    "usuarios": [
        {
            "nome": "Fulano da Silva",
            "email": "fulano@qa.com",
            "password": "teste",
            "administrador": "true",
            "_id": "0uxuPY0cbmQhpEz1"
        },
        {
            "nome": "Víctor Macedo Jr.",
            "email": "vitoria_souza@bol.com.br",
            "password": "xDx0vxZ9sg7YGwP",
            "administrador": "false",
            "_id": "5Wkc6c5d6VHuc65A"
        },
        {
            "nome": "Larissa Saraiva",
            "email": "daniel62@bol.com.br",
            "password": "2opWpKafMBT5wqi",
            "administrador": "false",
            "_id": "FGsWq9ucL3vY1xRl"
        },
        {
            "nome": "Rebeca Santos",
            "email": "meire10@gmail.com",
            "password": "pt3Cuvsx2rfdkyG",
            "administrador": "true",
            "_id": "QaqWhblcyQE8ROV7"
        },
        {
            "nome": "Norberto Batista",
            "email": "felicia_moreira@gmail.com",
            "password": "vtOFfVQctPKgyGm",
            "administrador": "false",
            "_id": "nATjxWrBLWwFsLgo"
        },
        {
            "nome": "Norberto Batista",
            "email": "kleber_barros40@live.com",
            "password": "OByMy86IUQWM2Fu",
            "administrador": "false",
            "_id": "oUiACV68QygEdTa3"
        }
    ]
}
Request method:	GET
Request URI:	https://serverest.dev/usuarios
Proxy:			<none>
Request params:	<none>
Query params:	<none>
Form params:	<none>
Path params:	<none>
Headers:		Authorization=Bearer eyJhbGciOiJIUzI1NiIsInR5cCI6IkpXVCJ9.eyJlbWFpbCI6ImZ1bGFub0BxYS5jb20iLCJwYXNzd29yZCI6InRlc3RlIiwiaWF0IjoxNzU2NjAxNDcwLCJleHAiOjE3NTY2MDIwNzB9.0m-938Jr67MsessDkrjm9_fLxb7s7Ud12PDvnvXoico
				Accept=*/*
				Content-Type=application/json
Cookies:		<none>
Multiparts:		<none>
Body:			<none>
HTTP/1.1 200 OK
access-control-allow-origin: *
x-dns-prefetch-control: off
x-frame-options: SAMEORIGIN
strict-transport-security: max-age=15552000; includeSubDomains
x-download-options: noopen
x-content-type-options: nosniff
x-xss-protection: 1; mode=block
content-type: application/json; charset=utf-8
x-cloud-trace-context: b9cf5714f91960a40ffc8df37c092cc0
date: Sun, 31 Aug 2025 00:51:22 GMT
server: Google Frontend
Content-Length: 1384

{
    "quantidade": 6,
    "usuarios": [
        {
            "nome": "Fulano da Silva",
            "email": "fulano@qa.com",
            "password": "teste",
            "administrador": "true",
            "_id": "0uxuPY0cbmQhpEz1"
        },
        {
            "nome": "Víctor Macedo Jr.",
            "email": "vitoria_souza@bol.com.br",
            "password": "xDx0vxZ9sg7YGwP",
            "administrador": "false",
            "_id": "5Wkc6c5d6VHuc65A"
        },
        {
            "nome": "Larissa Saraiva",
            "email": "daniel62@bol.com.br",
            "password": "2opWpKafMBT5wqi",
            "administrador": "false",
            "_id": "FGsWq9ucL3vY1xRl"
        },
        {
            "nome": "Rebeca Santos",
            "email": "meire10@gmail.com",
            "password": "pt3Cuvsx2rfdkyG",
            "administrador": "true",
            "_id": "QaqWhblcyQE8ROV7"
        },
        {
            "nome": "Norberto Batista",
            "email": "felicia_moreira@gmail.com",
            "password": "vtOFfVQctPKgyGm",
            "administrador": "false",
            "_id": "nATjxWrBLWwFsLgo"
        },
        {
            "nome": "Norberto Batista",
            "email": "kleber_barros40@live.com",
            "password": "OByMy86IUQWM2Fu",
            "administrador": "false",
            "_id": "oUiACV68QygEdTa3"
        }
    ]
}
]]></system-out>
  </testcase>
</testsuite>